<?xml version="1.0" encoding="UTF-8"?>
<!-- Generated by org.testng.reporters.JUnitXMLReporter -->
<testsuite hostname="LAPTOP-NLHU7H1D" name="Test" tests="5" failures="0" timestamp="6 Jun 2019 04:08:53 GMT" time="0.052" errors="0">
  <testcase name="test" time="0.014" classname="trailAndError.ReadDataFromXML"/>
  <testcase name="test1" time="0.002" classname="trailAndError.ReadDataFromXML"/>
  <testcase name="test1" time="0.001" classname="trailAndError.ReadDataFromXML"/>
  <testcase name="test1" time="0.003" classname="trailAndError.ReadDataFromXML"/>
  <testcase name="test1" time="0.001" classname="trailAndError.ReadDataFromXML"/>
</testsuite> <!-- Test -->
